This is pdfTeX, Version 3.1415926-2.5-1.40.14 (MiKTeX 2.9) (preloaded format=pdflatex 2015.3.25)  7 APR 2015 17:15
entering extended mode
**report.tex

(C:\Users\blabla\Documents\GitHub\mindControl\mindControl\reportExample\report.
tex
LaTeX2e <2011/06/27>
Babel <v3.8m> and hyphenation patterns for english, afrikaans, ancientgreek, ar
abic, armenian, assamese, basque, bengali, bokmal, bulgarian, catalan, coptic, 
croatian, czech, danish, dutch, esperanto, estonian, farsi, finnish, french, ga
lician, german, german-x-2013-05-26, greek, gujarati, hindi, hungarian, iceland
ic, indonesian, interlingua, irish, italian, kannada, kurmanji, latin, latvian,
 lithuanian, malayalam, marathi, mongolian, mongolianlmc, monogreek, ngerman, n
german-x-2013-05-26, nynorsk, oriya, panjabi, pinyin, polish, portuguese, roman
ian, russian, sanskrit, serbian, slovak, slovenian, spanish, swedish, swissgerm
an, tamil, telugu, turkish, turkmen, ukenglish, ukrainian, uppersorbian, usengl
ishmax, welsh, loaded.
("D:\Program Files (x86)\miktex\tex\latex\muthesis\third-rep.cls"
Document Class: third-rep 2001/04/03 UMCSD Third year report style
("D:\Program Files (x86)\miktex\tex\latex\base\report.cls"
Document Class: report 2007/10/19 v1.4h Standard LaTeX document class
("D:\Program Files (x86)\miktex\tex\latex\base\size12.clo"
File: size12.clo 2007/10/19 v1.4h Standard LaTeX file (size option)
)
\c@part=\count79
\c@chapter=\count80
\c@section=\count81
\c@subsection=\count82
\c@subsubsection=\count83
\c@paragraph=\count84
\c@subparagraph=\count85
\c@figure=\count86
\c@table=\count87
\abovecaptionskip=\skip41
\belowcaptionskip=\skip42
\bibindent=\dimen102
)
(C:\Users\blabla\Documents\GitHub\mindControl\mindControl\reportExample\a4-manc
s.sty) ("D:\Program Files (x86)\miktex\tex\latex\graphics\graphicx.sty"
Package: graphicx 1999/02/16 v1.0f Enhanced LaTeX Graphics (DPC,SPQR)

("D:\Program Files (x86)\miktex\tex\latex\graphics\keyval.sty"
Package: keyval 1999/03/16 v1.13 key=value parser (DPC)
\KV@toks@=\toks14
)
("D:\Program Files (x86)\miktex\tex\latex\graphics\graphics.sty"
Package: graphics 2009/02/05 v1.0o Standard LaTeX Graphics (DPC,SPQR)

("D:\Program Files (x86)\miktex\tex\latex\graphics\trig.sty"
Package: trig 1999/03/16 v1.09 sin cos tan (DPC)
)
("D:\Program Files (x86)\miktex\tex\latex\00miktex\graphics.cfg"
File: graphics.cfg 2007/01/18 v1.5 graphics configuration of teTeX/TeXLive
)
Package graphics Info: Driver file: pdftex.def on input line 91.

("D:\Program Files (x86)\miktex\tex\latex\pdftex-def\pdftex.def"
File: pdftex.def 2011/05/27 v0.06d Graphics/color for pdfTeX

("D:\Program Files (x86)\miktex\tex\generic\oberdiek\infwarerr.sty"
Package: infwarerr 2010/04/08 v1.3 Providing info/warning/error messages (HO)
)
("D:\Program Files (x86)\miktex\tex\generic\oberdiek\ltxcmds.sty"
Package: ltxcmds 2011/11/09 v1.22 LaTeX kernel commands for general use (HO)
)
\Gread@gobject=\count88
))
\Gin@req@height=\dimen103
\Gin@req@width=\dimen104
)
("D:\Program Files (x86)\miktex\tex\latex\tools\verbatim.sty"
Package: verbatim 2003/08/22 v1.5q LaTeX2e package for verbatim enhancements
\every@verbatim=\toks15
\verbatim@line=\toks16
\verbatim@in@stream=\read1
))
("D:\Program Files (x86)\miktex\tex\latex\url\url.sty"
\Urlmuskip=\muskip10
Package: url 2013/09/16  ver 3.4  Verb mode for urls, etc.
)
("D:\Program Files (x86)\miktex\tex\latex\pslatex\pslatex.sty"
Package: pslatex 1996/07/24 v1.2 pslatex emulation (DPC)
LaTeX Font Info:    Redeclaring symbol font `operators' on input line 65.
LaTeX Font Info:    Overwriting symbol font `operators' in version `normal'
(Font)                  OT1/cmr/m/n --> OT1/ptmcm/m/n on input line 65.
LaTeX Font Info:    Overwriting symbol font `operators' in version `bold'
(Font)                  OT1/cmr/bx/n --> OT1/ptmcm/m/n on input line 65.
LaTeX Font Info:    Redeclaring symbol font `letters' on input line 66.
LaTeX Font Info:    Overwriting symbol font `letters' in version `normal'
(Font)                  OML/cmm/m/it --> OML/ptmcm/m/it on input line 66.
LaTeX Font Info:    Overwriting symbol font `letters' in version `bold'
(Font)                  OML/cmm/b/it --> OML/ptmcm/m/it on input line 66.
LaTeX Font Info:    Redeclaring symbol font `symbols' on input line 67.
LaTeX Font Info:    Overwriting symbol font `symbols' in version `normal'
(Font)                  OMS/cmsy/m/n --> OMS/pzccm/m/n on input line 67.
LaTeX Font Info:    Overwriting symbol font `symbols' in version `bold'
(Font)                  OMS/cmsy/b/n --> OMS/pzccm/m/n on input line 67.
LaTeX Font Info:    Redeclaring symbol font `largesymbols' on input line 68.
LaTeX Font Info:    Overwriting symbol font `largesymbols' in version `normal'
(Font)                  OMX/cmex/m/n --> OMX/psycm/m/n on input line 68.
LaTeX Font Info:    Overwriting symbol font `largesymbols' in version `bold'
(Font)                  OMX/cmex/m/n --> OMX/psycm/m/n on input line 68.
\symbold=\mathgroup4
\symitalic=\mathgroup5
LaTeX Font Info:    Redeclaring math alphabet \mathbf on input line 74.
LaTeX Font Info:    Overwriting math alphabet `\mathbf' in version `normal'
(Font)                  OT1/cmr/bx/n --> OT1/ptm/bx/n on input line 74.
LaTeX Font Info:    Overwriting math alphabet `\mathbf' in version `bold'
(Font)                  OT1/cmr/bx/n --> OT1/ptm/bx/n on input line 74.
LaTeX Font Info:    Redeclaring math alphabet \mathit on input line 75.
LaTeX Font Info:    Overwriting math alphabet `\mathit' in version `normal'
(Font)                  OT1/cmr/m/it --> OT1/ptm/m/it on input line 75.
LaTeX Font Info:    Overwriting math alphabet `\mathit' in version `bold'
(Font)                  OT1/cmr/bx/it --> OT1/ptm/m/it on input line 75.
)
("D:\Program Files (x86)\miktex\tex\latex\listings\listings.sty"
\lst@mode=\count89
\lst@gtempboxa=\box26
\lst@token=\toks17
\lst@length=\count90
\lst@currlwidth=\dimen105
\lst@column=\count91
\lst@pos=\count92
\lst@lostspace=\dimen106
\lst@width=\dimen107
\lst@newlines=\count93
\lst@lineno=\count94
\lst@maxwidth=\dimen108

("D:\Program Files (x86)\miktex\tex\latex\listings\lstmisc.sty"
File: lstmisc.sty 2014/09/06 1.5e (Carsten Heinz)
\c@lstnumber=\count95
\lst@skipnumbers=\count96
\lst@framebox=\box27
)
("D:\Program Files (x86)\miktex\tex\latex\listings\listings.cfg"
File: listings.cfg 2014/09/06 1.5e listings configuration
))
Package: listings 2014/09/06 1.5e (Carsten Heinz)

("D:\Program Files (x86)\miktex\tex\latex\amsmath\amsmath.sty"
Package: amsmath 2013/01/14 v2.14 AMS math features
\@mathmargin=\skip43

For additional information on amsmath, use the `?' option.
("D:\Program Files (x86)\miktex\tex\latex\amsmath\amstext.sty"
Package: amstext 2000/06/29 v2.01

("D:\Program Files (x86)\miktex\tex\latex\amsmath\amsgen.sty"
File: amsgen.sty 1999/11/30 v2.0
\@emptytoks=\toks18
\ex@=\dimen109
))
("D:\Program Files (x86)\miktex\tex\latex\amsmath\amsbsy.sty"
Package: amsbsy 1999/11/29 v1.2d
\pmbraise@=\dimen110
)
("D:\Program Files (x86)\miktex\tex\latex\amsmath\amsopn.sty"
Package: amsopn 1999/12/14 v2.01 operator names
)
\inf@bad=\count97
LaTeX Info: Redefining \frac on input line 210.
\uproot@=\count98
\leftroot@=\count99
LaTeX Info: Redefining \overline on input line 306.
\classnum@=\count100
\DOTSCASE@=\count101
LaTeX Info: Redefining \ldots on input line 378.
LaTeX Info: Redefining \dots on input line 381.
LaTeX Info: Redefining \cdots on input line 466.
\Mathstrutbox@=\box28
\strutbox@=\box29
\big@size=\dimen111
LaTeX Font Info:    Redeclaring font encoding OML on input line 566.
LaTeX Font Info:    Redeclaring font encoding OMS on input line 567.
\macc@depth=\count102
\c@MaxMatrixCols=\count103
\dotsspace@=\muskip11
\c@parentequation=\count104
\dspbrk@lvl=\count105
\tag@help=\toks19
\row@=\count106
\column@=\count107
\maxfields@=\count108
\andhelp@=\toks20
\eqnshift@=\dimen112
\alignsep@=\dimen113
\tagshift@=\dimen114
\tagwidth@=\dimen115
\totwidth@=\dimen116
\lineht@=\dimen117
\@envbody=\toks21
\multlinegap=\skip44
\multlinetaggap=\skip45
\mathdisplay@stack=\toks22
LaTeX Info: Redefining \[ on input line 2665.
LaTeX Info: Redefining \] on input line 2666.
)
("D:\Program Files (x86)\miktex\tex\latex\ltxmisc\parskip.sty"
Package: parskip 2001/04/09 non-zero parskip adjustments
)
("D:\Program Files (x86)\miktex\tex\latex\fancyhdr\fancyhdr.sty"
\fancy@headwidth=\skip46
\f@ncyO@elh=\skip47
\f@ncyO@erh=\skip48
\f@ncyO@olh=\skip49
\f@ncyO@orh=\skip50
\f@ncyO@elf=\skip51
\f@ncyO@erf=\skip52
\f@ncyO@olf=\skip53
\f@ncyO@orf=\skip54
)
("D:\Program Files (x86)\miktex\tex\latex\ieeepes\vmargin.sty"
Package: vmargin 1999/06/01

Package `vmargin', V2.2, <1999/06/01>
\PaperWidth=\dimen118
\PaperHeight=\dimen119
) ("D:\Program Files (x86)\miktex\tex\latex\tools\multicol.sty"
Package: multicol 2011/06/27 v1.7a multicolumn formatting (FMi)
\c@tracingmulticols=\count109
\mult@box=\box30
\multicol@leftmargin=\dimen120
\c@unbalance=\count110
\c@collectmore=\count111
\doublecol@number=\count112
\multicoltolerance=\count113
\multicolpretolerance=\count114
\full@width=\dimen121
\page@free=\dimen122
\premulticols=\dimen123
\postmulticols=\dimen124
\multicolsep=\skip55
\multicolbaselineskip=\skip56
\partial@page=\box31
\last@line=\box32
\mult@rightbox=\box33
\mult@grightbox=\box34
\mult@gfirstbox=\box35
\mult@firstbox=\box36
\@tempa=\box37
\@tempa=\box38
\@tempa=\box39
\@tempa=\box40
\@tempa=\box41
\@tempa=\box42
\@tempa=\box43
\@tempa=\box44
\@tempa=\box45
\@tempa=\box46
\@tempa=\box47
\@tempa=\box48
\@tempa=\box49
\@tempa=\box50
\@tempa=\box51
\@tempa=\box52
\@tempa=\box53
\c@columnbadness=\count115
\c@finalcolumnbadness=\count116
\last@try=\dimen125
\multicolovershoot=\dimen126
\multicolundershoot=\dimen127
\mult@nat@firstbox=\box54
\colbreak@box=\box55
\multicol@sort@counter=\count117
)
("D:\Program Files (x86)\miktex\tex\latex\tools\array.sty"
Package: array 2008/09/09 v2.4c Tabular extension package (FMi)
\col@sep=\dimen128
\extrarowheight=\dimen129
\NC@list=\toks23
\extratabsurround=\skip57
\backup@length=\skip58
)
("D:\Program Files (x86)\miktex\tex\latex\xcolor\xcolor.sty"
Package: xcolor 2007/01/21 v2.11 LaTeX color extensions (UK)

("D:\Program Files (x86)\miktex\tex\latex\00miktex\color.cfg"
File: color.cfg 2007/01/18 v1.5 color configuration of teTeX/TeXLive
)
Package xcolor Info: Driver file: pdftex.def on input line 225.

("D:\Program Files (x86)\miktex\tex\latex\colortbl\colortbl.sty"
Package: colortbl 2012/02/13 v1.0a Color table columns (DPC)
\everycr=\toks24
\minrowclearance=\skip59
)
\rownum=\count118
Package xcolor Info: Model `cmy' substituted by `cmy0' on input line 1337.
Package xcolor Info: Model `hsb' substituted by `rgb' on input line 1341.
Package xcolor Info: Model `RGB' extended on input line 1353.
Package xcolor Info: Model `HTML' substituted by `rgb' on input line 1355.
Package xcolor Info: Model `Hsb' substituted by `hsb' on input line 1356.
Package xcolor Info: Model `tHsb' substituted by `hsb' on input line 1357.
Package xcolor Info: Model `HSB' substituted by `hsb' on input line 1358.
Package xcolor Info: Model `Gray' substituted by `gray' on input line 1359.
Package xcolor Info: Model `wave' substituted by `hsb' on input line 1360.
)
("D:\Program Files (x86)\miktex\tex\latex\oberdiek\pdflscape.sty"
Package: pdflscape 2008/08/11 v0.10 Display of landscape pages in PDF (HO)

("D:\Program Files (x86)\miktex\tex\latex\graphics\lscape.sty"
Package: lscape 2000/10/22 v3.01 Landscape Pages (DPC)
)
("D:\Program Files (x86)\miktex\tex\generic\oberdiek\ifpdf.sty"
Package: ifpdf 2011/01/30 v2.3 Provides the ifpdf switch (HO)
Package ifpdf Info: pdfTeX in PDF mode is detected.
)
Package pdflscape Info: Auto-detected driver: pdftex on input line 80.

("D:\Program Files (x86)\miktex\tex\generic\ifxetex\ifxetex.sty"
Package: ifxetex 2010/09/12 v0.6 Provides ifxetex conditional
))
("D:\Program Files (x86)\miktex\tex\latex\fancyvrb\fancyvrb.sty"
Package: fancyvrb 2008/02/07

Style option: `fancyvrb' v2.7a, with DG/SPQR fixes, and firstline=lastline fix 
<2008/02/07> (tvz)
\FV@CodeLineNo=\count119
\FV@InFile=\read2
\FV@TabBox=\box56
\c@FancyVerbLine=\count120
\FV@StepNumber=\count121
\FV@OutFile=\write3
)
("D:\Program Files (x86)\miktex\tex\latex\pgf\frontendlayer\tikz.sty"
("D:\Program Files (x86)\miktex\tex\latex\pgf\basiclayer\pgf.sty"
("D:\Program Files (x86)\miktex\tex\latex\pgf\utilities\pgfrcs.sty"
("D:\Program Files (x86)\miktex\tex\generic\pgf\utilities\pgfutil-common.tex"
\pgfutil@everybye=\toks25
\pgfutil@tempdima=\dimen130
\pgfutil@tempdimb=\dimen131

("D:\Program Files (x86)\miktex\tex\generic\pgf\utilities\pgfutil-common-lists.
tex"))
("D:\Program Files (x86)\miktex\tex\generic\pgf\utilities\pgfutil-latex.def"
\pgfutil@abb=\box57

("D:\Program Files (x86)\miktex\tex\latex\ms\everyshi.sty"
Package: everyshi 2001/05/15 v3.00 EveryShipout Package (MS)
))
("D:\Program Files (x86)\miktex\tex\generic\pgf\utilities\pgfrcs.code.tex"
Package: pgfrcs 2013/12/20 v3.0.0 (rcs-revision 1.28)
))
Package: pgf 2013/12/18 v3.0.0 (rcs-revision 1.14)

("D:\Program Files (x86)\miktex\tex\latex\pgf\basiclayer\pgfcore.sty"
("D:\Program Files (x86)\miktex\tex\latex\pgf\systemlayer\pgfsys.sty"
("D:\Program Files (x86)\miktex\tex\generic\pgf\systemlayer\pgfsys.code.tex"
Package: pgfsys 2013/11/30 v3.0.0 (rcs-revision 1.47)

("D:\Program Files (x86)\miktex\tex\generic\pgf\utilities\pgfkeys.code.tex"
\pgfkeys@pathtoks=\toks26
\pgfkeys@temptoks=\toks27

("D:\Program Files (x86)\miktex\tex\generic\pgf\utilities\pgfkeysfiltered.code.
tex"
\pgfkeys@tmptoks=\toks28
))
\pgf@x=\dimen132
\pgf@y=\dimen133
\pgf@xa=\dimen134
\pgf@ya=\dimen135
\pgf@xb=\dimen136
\pgf@yb=\dimen137
\pgf@xc=\dimen138
\pgf@yc=\dimen139
\w@pgf@writea=\write4
\r@pgf@reada=\read3
\c@pgf@counta=\count122
\c@pgf@countb=\count123
\c@pgf@countc=\count124
\c@pgf@countd=\count125
\t@pgf@toka=\toks29
\t@pgf@tokb=\toks30
\t@pgf@tokc=\toks31
 ("D:\Program Files (x86)\miktex\tex\generic\pgf\systemlayer\pgf.cfg"
File: pgf.cfg 2008/05/14  (rcs-revision 1.7)
)
Driver file for pgf: pgfsys-pdftex.def

("D:\Program Files (x86)\miktex\tex\generic\pgf\systemlayer\pgfsys-pdftex.def"
File: pgfsys-pdftex.def 2013/07/18  (rcs-revision 1.33)

("D:\Program Files (x86)\miktex\tex\generic\pgf\systemlayer\pgfsys-common-pdf.d
ef"
File: pgfsys-common-pdf.def 2013/10/10  (rcs-revision 1.13)
)))
("D:\Program Files (x86)\miktex\tex\generic\pgf\systemlayer\pgfsyssoftpath.code
.tex"
File: pgfsyssoftpath.code.tex 2013/09/09  (rcs-revision 1.9)
\pgfsyssoftpath@smallbuffer@items=\count126
\pgfsyssoftpath@bigbuffer@items=\count127
)
("D:\Program Files (x86)\miktex\tex\generic\pgf\systemlayer\pgfsysprotocol.code
.tex"
File: pgfsysprotocol.code.tex 2006/10/16  (rcs-revision 1.4)
))
("D:\Program Files (x86)\miktex\tex\generic\pgf\basiclayer\pgfcore.code.tex"
Package: pgfcore 2010/04/11 v3.0.0 (rcs-revision 1.7)

("D:\Program Files (x86)\miktex\tex\generic\pgf\math\pgfmath.code.tex"
("D:\Program Files (x86)\miktex\tex\generic\pgf\math\pgfmathcalc.code.tex"
("D:\Program Files (x86)\miktex\tex\generic\pgf\math\pgfmathutil.code.tex")
("D:\Program Files (x86)\miktex\tex\generic\pgf\math\pgfmathparser.code.tex"
\pgfmath@dimen=\dimen140
\pgfmath@count=\count128
\pgfmath@box=\box58
\pgfmath@toks=\toks32
\pgfmath@stack@operand=\toks33
\pgfmath@stack@operation=\toks34
)
("D:\Program Files (x86)\miktex\tex\generic\pgf\math\pgfmathfunctions.code.tex"

("D:\Program Files (x86)\miktex\tex\generic\pgf\math\pgfmathfunctions.basic.cod
e.tex")
("D:\Program Files (x86)\miktex\tex\generic\pgf\math\pgfmathfunctions.trigonome
tric.code.tex")
("D:\Program Files (x86)\miktex\tex\generic\pgf\math\pgfmathfunctions.random.co
de.tex")
("D:\Program Files (x86)\miktex\tex\generic\pgf\math\pgfmathfunctions.compariso
n.code.tex")
("D:\Program Files (x86)\miktex\tex\generic\pgf\math\pgfmathfunctions.base.code
.tex")
("D:\Program Files (x86)\miktex\tex\generic\pgf\math\pgfmathfunctions.round.cod
e.tex")
("D:\Program Files (x86)\miktex\tex\generic\pgf\math\pgfmathfunctions.misc.code
.tex")
("D:\Program Files (x86)\miktex\tex\generic\pgf\math\pgfmathfunctions.integerar
ithmetics.code.tex")))
("D:\Program Files (x86)\miktex\tex\generic\pgf\math\pgfmathfloat.code.tex"
\c@pgfmathroundto@lastzeros=\count129
))
("D:\Program Files (x86)\miktex\tex\generic\pgf\basiclayer\pgfcorepoints.code.t
ex"
File: pgfcorepoints.code.tex 2013/10/07  (rcs-revision 1.27)
\pgf@picminx=\dimen141
\pgf@picmaxx=\dimen142
\pgf@picminy=\dimen143
\pgf@picmaxy=\dimen144
\pgf@pathminx=\dimen145
\pgf@pathmaxx=\dimen146
\pgf@pathminy=\dimen147
\pgf@pathmaxy=\dimen148
\pgf@xx=\dimen149
\pgf@xy=\dimen150
\pgf@yx=\dimen151
\pgf@yy=\dimen152
\pgf@zx=\dimen153
\pgf@zy=\dimen154
)
("D:\Program Files (x86)\miktex\tex\generic\pgf\basiclayer\pgfcorepathconstruct
.code.tex"
File: pgfcorepathconstruct.code.tex 2013/10/07  (rcs-revision 1.29)
\pgf@path@lastx=\dimen155
\pgf@path@lasty=\dimen156
)
("D:\Program Files (x86)\miktex\tex\generic\pgf\basiclayer\pgfcorepathusage.cod
e.tex"
File: pgfcorepathusage.code.tex 2013/12/13  (rcs-revision 1.23)
\pgf@shorten@end@additional=\dimen157
\pgf@shorten@start@additional=\dimen158
)
("D:\Program Files (x86)\miktex\tex\generic\pgf\basiclayer\pgfcorescopes.code.t
ex"
File: pgfcorescopes.code.tex 2013/10/09  (rcs-revision 1.44)
\pgfpic=\box59
\pgf@hbox=\box60
\pgf@layerbox@main=\box61
\pgf@picture@serial@count=\count130
)
("D:\Program Files (x86)\miktex\tex\generic\pgf\basiclayer\pgfcoregraphicstate.
code.tex"
File: pgfcoregraphicstate.code.tex 2013/09/19  (rcs-revision 1.11)
\pgflinewidth=\dimen159
)
("D:\Program Files (x86)\miktex\tex\generic\pgf\basiclayer\pgfcoretransformatio
ns.code.tex"
File: pgfcoretransformations.code.tex 2013/10/10  (rcs-revision 1.17)
\pgf@pt@x=\dimen160
\pgf@pt@y=\dimen161
\pgf@pt@temp=\dimen162
)
("D:\Program Files (x86)\miktex\tex\generic\pgf\basiclayer\pgfcorequick.code.te
x"
File: pgfcorequick.code.tex 2008/10/09  (rcs-revision 1.3)
)
("D:\Program Files (x86)\miktex\tex\generic\pgf\basiclayer\pgfcoreobjects.code.
tex"
File: pgfcoreobjects.code.tex 2006/10/11  (rcs-revision 1.2)
)
("D:\Program Files (x86)\miktex\tex\generic\pgf\basiclayer\pgfcorepathprocessin
g.code.tex"
File: pgfcorepathprocessing.code.tex 2013/09/09  (rcs-revision 1.9)
)
("D:\Program Files (x86)\miktex\tex\generic\pgf\basiclayer\pgfcorearrows.code.t
ex"
File: pgfcorearrows.code.tex 2013/11/07  (rcs-revision 1.40)
\pgfarrowsep=\dimen163
)
("D:\Program Files (x86)\miktex\tex\generic\pgf\basiclayer\pgfcoreshade.code.te
x"
File: pgfcoreshade.code.tex 2013/07/15  (rcs-revision 1.15)
\pgf@max=\dimen164
\pgf@sys@shading@range@num=\count131
)
("D:\Program Files (x86)\miktex\tex\generic\pgf\basiclayer\pgfcoreimage.code.te
x"
File: pgfcoreimage.code.tex 2013/07/15  (rcs-revision 1.18)

("D:\Program Files (x86)\miktex\tex\generic\pgf\basiclayer\pgfcoreexternal.code
.tex"
File: pgfcoreexternal.code.tex 2013/07/15  (rcs-revision 1.20)
\pgfexternal@startupbox=\box62
))
("D:\Program Files (x86)\miktex\tex\generic\pgf\basiclayer\pgfcorelayers.code.t
ex"
File: pgfcorelayers.code.tex 2013/07/18  (rcs-revision 1.7)
)
("D:\Program Files (x86)\miktex\tex\generic\pgf\basiclayer\pgfcoretransparency.
code.tex"
File: pgfcoretransparency.code.tex 2013/09/30  (rcs-revision 1.5)
)
("D:\Program Files (x86)\miktex\tex\generic\pgf\basiclayer\pgfcorepatterns.code
.tex"
File: pgfcorepatterns.code.tex 2013/11/07  (rcs-revision 1.5)
)))
("D:\Program Files (x86)\miktex\tex\generic\pgf\modules\pgfmoduleshapes.code.te
x"
File: pgfmoduleshapes.code.tex 2013/10/31  (rcs-revision 1.34)
\pgfnodeparttextbox=\box63
)
("D:\Program Files (x86)\miktex\tex\generic\pgf\modules\pgfmoduleplot.code.tex"
File: pgfmoduleplot.code.tex 2013/07/31  (rcs-revision 1.12)
)
("D:\Program Files (x86)\miktex\tex\latex\pgf\compatibility\pgfcomp-version-0-6
5.sty"
Package: pgfcomp-version-0-65 2007/07/03 v3.0.0 (rcs-revision 1.7)
\pgf@nodesepstart=\dimen165
\pgf@nodesepend=\dimen166
)
("D:\Program Files (x86)\miktex\tex\latex\pgf\compatibility\pgfcomp-version-1-1
8.sty"
Package: pgfcomp-version-1-18 2007/07/23 v3.0.0 (rcs-revision 1.1)
)) ("D:\Program Files (x86)\miktex\tex\latex\pgf\utilities\pgffor.sty"
("D:\Program Files (x86)\miktex\tex\latex\pgf\utilities\pgfkeys.sty"
("D:\Program Files (x86)\miktex\tex\generic\pgf\utilities\pgfkeys.code.tex"))
("D:\Program Files (x86)\miktex\tex\latex\pgf\math\pgfmath.sty"
("D:\Program Files (x86)\miktex\tex\generic\pgf\math\pgfmath.code.tex"))
("D:\Program Files (x86)\miktex\tex\generic\pgf\utilities\pgffor.code.tex"
Package: pgffor 2013/12/13 v3.0.0 (rcs-revision 1.25)

("D:\Program Files (x86)\miktex\tex\generic\pgf\math\pgfmath.code.tex")
\pgffor@iter=\dimen167
\pgffor@skip=\dimen168
\pgffor@stack=\toks35
\pgffor@toks=\toks36
))
("D:\Program Files (x86)\miktex\tex\generic\pgf\frontendlayer\tikz\tikz.code.te
x"
Package: tikz 2013/12/13 v3.0.0 (rcs-revision 1.142)

("D:\Program Files (x86)\miktex\tex\generic\pgf\libraries\pgflibraryplothandler
s.code.tex"
File: pgflibraryplothandlers.code.tex 2013/08/31 v3.0.0 (rcs-revision 1.20)
\pgf@plot@mark@count=\count132
\pgfplotmarksize=\dimen169
)
\tikz@lastx=\dimen170
\tikz@lasty=\dimen171
\tikz@lastxsaved=\dimen172
\tikz@lastysaved=\dimen173
\tikzleveldistance=\dimen174
\tikzsiblingdistance=\dimen175
\tikz@figbox=\box64
\tikz@figbox@bg=\box65
\tikz@tempbox=\box66
\tikz@tempbox@bg=\box67
\tikztreelevel=\count133
\tikznumberofchildren=\count134
\tikznumberofcurrentchild=\count135
\tikz@fig@count=\count136

("D:\Program Files (x86)\miktex\tex\generic\pgf\modules\pgfmodulematrix.code.te
x"
File: pgfmodulematrix.code.tex 2013/09/17  (rcs-revision 1.8)
\pgfmatrixcurrentrow=\count137
\pgfmatrixcurrentcolumn=\count138
\pgf@matrix@numberofcolumns=\count139
)
\tikz@expandcount=\count140

("D:\Program Files (x86)\miktex\tex\generic\pgf\frontendlayer\tikz\libraries\ti
kzlibrarytopaths.code.tex"
File: tikzlibrarytopaths.code.tex 2008/06/17 v3.0.0 (rcs-revision 1.2)
)))
("D:\Program Files (x86)\miktex\tex\latex\glossaries\base\glossaries.sty"
Package: glossaries 2015/03/16 v4.15 (NLCT)

("D:\Program Files (x86)\miktex\tex\latex\base\ifthen.sty"
Package: ifthen 2001/05/26 v1.1c Standard LaTeX ifthen package (DPC)
)
("D:\Program Files (x86)\miktex\tex\latex\xkeyval\xkeyval.sty"
Package: xkeyval 2012/10/14 v2.6b package option processing (HA)

("D:\Program Files (x86)\miktex\tex\generic\xkeyval\xkeyval.tex"
\XKV@toks=\toks37
\XKV@tempa@toks=\toks38
\XKV@depth=\count141
File: xkeyval.tex 2012/10/14 v2.6b key=value parser (HA)
))
("D:\Program Files (x86)\miktex\tex\latex\glossaries\base\mfirstuc.sty"
Package: mfirstuc 2015/02/03 v1.10 (NLCT)

("D:\Program Files (x86)\miktex\tex\latex\etoolbox\etoolbox.sty"
Package: etoolbox 2015/03/19 v2.1d e-TeX tools for LaTeX (JAW)

("D:\Program Files (x86)\miktex\tex\latex\misc\etex.sty"
Package: etex 1998/03/26 v2.0 eTeX basic definition package (PEB)
\et@xins=\count142
)
\etb@tempcnta=\count143
)
\@glsmfirst=\toks39
\@glsmrest=\toks40
)
("D:\Program Files (x86)\miktex\tex\latex\textcase\textcase.sty"
Package: textcase 2004/10/07 v0.07 Text only upper/lower case changing (DPC)
)
("D:\Program Files (x86)\miktex\tex\latex\xfor\xfor.sty"
Package: xfor 2009/02/05 v1.05 (NLCT)
)
("D:\Program Files (x86)\miktex\tex\latex\datatool\datatool-base.sty"
Package: datatool-base 2014/06/10 v2.22 (NLCT)

("D:\Program Files (x86)\miktex\tex\latex\substr\substr.sty"
Package: substr 2009/10/20 v1.2 Handle substrings
\c@su@anzahl=\count144
)
("D:\Program Files (x86)\miktex\tex\latex\datatool\datatool-fp.sty"
Package: datatool-fp 2013/08/29 v2.17 (NLCT)

("D:\Program Files (x86)\miktex\tex\latex\fp\fp.sty"
Package: fp 1995/04/02

`Fixed Point Package', Version 0.8, April 2, 1995 (C) Michael Mehlich
("D:\Program Files (x86)\miktex\tex\latex\fp\defpattern.sty"
Package: defpattern 1994/10/12
\actioncount=\count145
)
("D:\Program Files (x86)\miktex\tex\latex\fp\fp-basic.sty"
Package: fp-basic 1996/05/13
\FP@xs=\count146
\FP@xia=\count147
\FP@xib=\count148
\FP@xfa=\count149
\FP@xfb=\count150
\FP@rega=\count151
\FP@regb=\count152
\FP@regs=\count153
\FP@times=\count154
)
("D:\Program Files (x86)\miktex\tex\latex\fp\fp-addons.sty"
Package: fp-addons 1995/03/15
)
("D:\Program Files (x86)\miktex\tex\latex\fp\fp-snap.sty"
Package: fp-snap 1995/04/05
)
("D:\Program Files (x86)\miktex\tex\latex\fp\fp-exp.sty"
Package: fp-exp 1995/04/03
)
("D:\Program Files (x86)\miktex\tex\latex\fp\fp-trigo.sty"
Package: fp-trigo 1995/04/14
)
("D:\Program Files (x86)\miktex\tex\latex\fp\fp-pas.sty"
Package: fp-pas 1994/08/29
)
("D:\Program Files (x86)\miktex\tex\latex\fp\fp-random.sty"
Package: fp-random 1995/02/23
\FPseed=\count155
)
("D:\Program Files (x86)\miktex\tex\latex\fp\fp-eqn.sty"
Package: fp-eqn 1995/04/03
)
("D:\Program Files (x86)\miktex\tex\latex\fp\fp-upn.sty"
Package: fp-upn 1996/10/21
)
("D:\Program Files (x86)\miktex\tex\latex\fp\fp-eval.sty"
Package: fp-eval 1995/04/03
)))
\@dtl@toks=\toks41
\@dtl@tmpcount=\count156
\dtl@tmplength=\skip60
\dtl@sortresult=\count157
\@dtl@numgrpsepcount=\count158
\@dtl@datatype=\count159
\dtl@codeA=\count160
\dtl@codeB=\count161
\@dtl@foreach@level=\count162
)
("D:\Program Files (x86)\miktex\tex\latex\glossaries\base\glossaries-compatible
-307.sty"
Package: glossaries-compatible-307 2013/11/14 v4.0 (NLCT)
)
\gls@level=\count163
\@gls@tmpb=\toks42
\gls@tmplen=\skip61
\glskeylisttok=\toks43
\glslabeltok=\toks44
\glsshorttok=\toks45
\glslongtok=\toks46

("D:\Program Files (x86)\miktex\tex\latex\glossaries\styles\glossary-hypernav.s
ty"
Package: glossary-hypernav 2013/11/14 v4.0 (NLCT)
)
("D:\Program Files (x86)\miktex\tex\latex\glossaries\styles\glossary-list.sty"
Package: glossary-list 2015/02/03 v4.13 (NLCT)
\glslistdottedwidth=\skip62
) ("D:\Program Files (x86)\miktex\tex\latex\glossaries\styles\glossary-long.sty
"
Package: glossary-long 2013/11/14 v4.0 (NLCT)
("D:\Program Files (x86)\miktex\tex\latex\tools\longtable.sty"
Package: longtable 2004/02/01 v4.11 Multi-page Table package (DPC)
\LTleft=\skip63
\LTright=\skip64
\LTpre=\skip65
\LTpost=\skip66
\LTchunksize=\count164
\LTcapwidth=\dimen176
\LT@head=\box68
\LT@firsthead=\box69
\LT@foot=\box70
\LT@lastfoot=\box71
\LT@cols=\count165
\LT@rows=\count166
\c@LT@tables=\count167
\c@LT@chunks=\count168
\LT@p@ftn=\toks47
)
\glsdescwidth=\skip67
\glspagelistwidth=\skip68
)
("D:\Program Files (x86)\miktex\tex\latex\glossaries\styles\glossary-super.sty"
Package: glossary-super 2013/11/14 v4.0 (NLCT)
("D:\Program Files (x86)\miktex\tex\latex\supertabular\supertabular.sty"
Package: supertabular 2004/02/20 v4.1e the supertabular environment
\c@tracingst=\count169
\ST@wd=\dimen177
\ST@rightskip=\skip69
\ST@leftskip=\skip70
\ST@parfillskip=\skip71
\ST@pageleft=\dimen178
\ST@headht=\dimen179
\ST@tailht=\dimen180
\ST@pagesofar=\dimen181
\ST@pboxht=\dimen182
\ST@lineht=\dimen183
\ST@stretchht=\dimen184
\ST@prevht=\dimen185
\ST@toadd=\dimen186
\ST@dimen=\dimen187
\ST@pbox=\box72
))
("D:\Program Files (x86)\miktex\tex\latex\glossaries\styles\glossary-tree.sty"
Package: glossary-tree 2015/02/03 v4.13 (NLCT)
\glstreeindent=\skip72
))
\glswrite=\write5
\glo@main@file=\write6
Package glossaries Info: Writing glossary file report.glo on input line 25.

(C:\Users\blabla\Documents\GitHub\mindControl\mindControl\reportExample\report.
aux
(C:\Users\blabla\Documents\GitHub\mindControl\mindControl\reportExample\abstrac
t.aux)
(C:\Users\blabla\Documents\GitHub\mindControl\mindControl\reportExample\merci.a
ux)
(C:\Users\blabla\Documents\GitHub\mindControl\mindControl\reportExample\chapter
1.aux)
(C:\Users\blabla\Documents\GitHub\mindControl\mindControl\reportExample\chapter
2.aux)
(C:\Users\blabla\Documents\GitHub\mindControl\mindControl\reportExample\chapter
3.aux)
(C:\Users\blabla\Documents\GitHub\mindControl\mindControl\reportExample\chapter
4.aux)
(C:\Users\blabla\Documents\GitHub\mindControl\mindControl\reportExample\chapter
5.aux)
(C:\Users\blabla\Documents\GitHub\mindControl\mindControl\reportExample\chapter
6.aux)
(C:\Users\blabla\Documents\GitHub\mindControl\mindControl\reportExample\chapter
7.aux)
(C:\Users\blabla\Documents\GitHub\mindControl\mindControl\reportExample\chapter
8.aux)
(C:\Users\blabla\Documents\GitHub\mindControl\mindControl\reportExample\appendi
x1.aux))
LaTeX Font Info:    Checking defaults for OML/cmm/m/it on input line 86.
LaTeX Font Info:    ... okay on input line 86.
LaTeX Font Info:    Checking defaults for T1/cmr/m/n on input line 86.
LaTeX Font Info:    ... okay on input line 86.
LaTeX Font Info:    Checking defaults for OT1/cmr/m/n on input line 86.
LaTeX Font Info:    ... okay on input line 86.
LaTeX Font Info:    Checking defaults for OMS/pzccm/m/n on input line 86.
LaTeX Font Info:    Try loading font information for OMS+pzccm on input line 86
.
 ("D:\Program Files (x86)\miktex\tex\latex\psnfss\omspzccm.fd"
File: omspzccm.fd 2000/01/03 Fontinst v1.801 font definitions for OMS/pzccm.
)
LaTeX Font Info:    ... okay on input line 86.
LaTeX Font Info:    Checking defaults for OMX/cmex/m/n on input line 86.
LaTeX Font Info:    ... okay on input line 86.
LaTeX Font Info:    Checking defaults for U/cmr/m/n on input line 86.
LaTeX Font Info:    ... okay on input line 86.

("D:\Program Files (x86)\miktex\tex\context\base\supp-pdf.mkii"
[Loading MPS to PDF converter (version 2006.09.02).]
\scratchcounter=\count170
\scratchdimen=\dimen188
\scratchbox=\box73
\nofMPsegments=\count171
\nofMParguments=\count172
\everyMPshowfont=\toks48
\MPscratchCnt=\count173
\MPscratchDim=\dimen189
\MPnumerator=\count174
\makeMPintoPDFobject=\count175
\everyMPtoPDFconversion=\toks49
)
\c@lstlisting=\count176
 ABD: EveryShipout initializing macros
<images/crestbw.png, id=4, 290.08376pt x 493.845pt>
File: images/crestbw.png Graphic file (type png)
 <use images/crestbw.png>
Package pdftex.def Info: images/crestbw.png used on input line 91.
(pdftex.def)             Requested size: 145.04152pt x 246.92189pt.
LaTeX Font Info:    Font shape `OT1/ptm/bx/n' in size <20.74> not available
(Font)              Font shape `OT1/ptm/b/n' tried instead on input line 94.
LaTeX Font Info:    Try loading font information for OT1+ptmcm on input line 10
2.

("D:\Program Files (x86)\miktex\tex\latex\psnfss\ot1ptmcm.fd"
File: ot1ptmcm.fd 2000/01/03 Fontinst v1.801 font definitions for OT1/ptmcm.
)
LaTeX Font Info:    Try loading font information for OML+ptmcm on input line 10
2.

("D:\Program Files (x86)\miktex\tex\latex\psnfss\omlptmcm.fd"
File: omlptmcm.fd 2000/01/03 Fontinst v1.801 font definitions for OML/ptmcm.
)
LaTeX Font Info:    Try loading font information for OMX+psycm on input line 10
2.

("D:\Program Files (x86)\miktex\tex\latex\psnfss\omxpsycm.fd"
File: omxpsycm.fd 2000/01/03 Fontinst v1.801 font definitions for OMX/psycm.
)
LaTeX Font Info:    Font shape `OT1/ptm/bx/n' in size <12> not available
(Font)              Font shape `OT1/ptm/b/n' tried instead on input line 102.
LaTeX Font Info:    Font shape `OT1/ptm/bx/n' in size <9> not available
(Font)              Font shape `OT1/ptm/b/n' tried instead on input line 102.
LaTeX Font Info:    Font shape `OT1/ptm/bx/n' in size <7> not available
(Font)              Font shape `OT1/ptm/b/n' tried instead on input line 102.
 [1

{C:/ProgramData/MiKTeX/2.9/pdftex/config/pdftex.map} <C:/Users/blabla/Documents
/GitHub/mindControl/mindControl/reportExample/images/crestbw.png>]
(C:\Users\blabla\Documents\GitHub\mindControl\mindControl\reportExample\abstrac
t.tex
LaTeX Font Info:    Font shape `OT1/ptm/bx/n' in size <17.28> not available
(Font)              Font shape `OT1/ptm/b/n' tried instead on input line 6.
)

Package Fancyhdr Warning: \headheight is too small (12.0pt): 
 Make it at least 14.49998pt.
 We now make it that large for the rest of the document.
 This may cause the page layout to be inconsistent, however.

[1

]
(C:\Users\blabla\Documents\GitHub\mindControl\mindControl\reportExample\merci.t
ex) [2


]
LaTeX Font Info:    Font shape `OT1/ptm/bx/n' in size <24.88> not available
(Font)              Font shape `OT1/ptm/b/n' tried instead on input line 121.

(C:\Users\blabla\Documents\GitHub\mindControl\mindControl\reportExample\report.
toc [3


])
\tf@toc=\write7
 [4]
(C:\Users\blabla\Documents\GitHub\mindControl\mindControl\reportExample\report.
lof)
\tf@lof=\write8
 [5

]
(C:\Users\blabla\Documents\GitHub\mindControl\mindControl\reportExample\report.
lot)
\tf@lot=\write9


Package Fancyhdr Warning: \fancyhead's `E' option without twoside option is use
less on input line 129.


Package Fancyhdr Warning: \fancyhead's `E' option without twoside option is use
less on input line 130.

[6

]
(C:\Users\blabla\Documents\GitHub\mindControl\mindControl\reportExample\chapter
1.tex
Chapter 1.
LaTeX Font Info:    Font shape `OMS/ptm/m/n' in size <12> not available
(Font)              Font shape `OMS/pzccm/m/n' tried instead on input line 14.
[7


]) [8]
(C:\Users\blabla\Documents\GitHub\mindControl\mindControl\reportExample\chapter
2.tex
Chapter 2.
LaTeX Font Info:    Font shape `OT1/ptm/bx/n' in size <14.4> not available
(Font)              Font shape `OT1/ptm/b/n' tried instead on input line 8.
[9



]
LaTeX Font Info:    Try loading font information for OML+ptm on input line 43.
 ("D:\Program Files (x86)\miktex\tex\latex\psnfss\omlptm.fd"
File: omlptm.fd 
)
LaTeX Font Info:    Font shape `OML/ptm/m/n' in size <12> not available
(Font)              Font shape `OML/cmm/m/it' tried instead on input line 43.

<images/500px-Eeg_delta.png, id=44, 501.875pt x 100.375pt>
File: images/500px-Eeg_delta.png Graphic file (type png)

<use images/500px-Eeg_delta.png>
Package pdftex.def Info: images/500px-Eeg_delta.png used on input line 43.
(pdftex.def)             Requested size: 250.93687pt x 50.18736pt.

Overfull \hbox (23.31483pt too wide) in paragraph at lines 43--43
[]|[]| 
 []

<images/500px-Eeg_theta.png, id=45, 501.875pt x 100.375pt>
File: images/500px-Eeg_theta.png Graphic file (type png)

<use images/500px-Eeg_theta.png>
Package pdftex.def Info: images/500px-Eeg_theta.png used on input line 44.
(pdftex.def)             Requested size: 250.93687pt x 50.18736pt.

Overfull \hbox (23.31483pt too wide) in paragraph at lines 44--44
[]|[]| 
 []

<images/500px-Eeg_alpha.png, id=46, 501.875pt x 100.375pt>
File: images/500px-Eeg_alpha.png Graphic file (type png)

<use images/500px-Eeg_alpha.png>
Package pdftex.def Info: images/500px-Eeg_alpha.png used on input line 45.
(pdftex.def)             Requested size: 250.93687pt x 50.18736pt.

Overfull \hbox (23.31483pt too wide) in paragraph at lines 45--45
[]|[]| 
 []


Overfull \hbox (9.41779pt too wide) in paragraph at lines 46--46
 []|\OT1/ptm/m/n/12 conciousness, 
 []

<images/500px-Eeg_beta.png, id=47, 501.875pt x 100.375pt>
File: images/500px-Eeg_beta.png Graphic file (type png)

<use images/500px-Eeg_beta.png>
Package pdftex.def Info: images/500px-Eeg_beta.png used on input line 46.
(pdftex.def)             Requested size: 250.93687pt x 50.18736pt.

Overfull \hbox (23.31483pt too wide) in paragraph at lines 46--46
[]|[]| 
 []

<images/500px-Eeg_gamma.png, id=48, 501.875pt x 100.375pt>
File: images/500px-Eeg_gamma.png Graphic file (type png)

<use images/500px-Eeg_gamma.png>
Package pdftex.def Info: images/500px-Eeg_gamma.png used on input line 47.
(pdftex.def)             Requested size: 250.93687pt x 50.18736pt.

Overfull \hbox (23.31483pt too wide) in paragraph at lines 47--47
[]|[]| 
 []


Overfull \hbox (20.50699pt too wide) in paragraph at lines 40--49
[][] 
 []


LaTeX Warning: `h' float specifier changed to `ht'.

<images/BrainwaveComposition.png, id=49, 441.5697pt x 287.3937pt>
File: images/BrainwaveComposition.png Graphic file (type png)

<use images/BrainwaveComposition.png>
Package pdftex.def Info: images/BrainwaveComposition.png used on input line 55.

(pdftex.def)             Requested size: 351.31378pt x 228.6523pt.
 [10 <C:/Users/blabla/Documents/GitHub/mindControl/mindControl/reportExample/im
ages/BrainwaveComposition.png>]) [11 <C:/Users/blabla/Documents/GitHub/mindCont
rol/mindControl/reportExample/images/500px-Eeg_delta.png> <C:/Users/blabla/Docu
ments/GitHub/mindControl/mindControl/reportExample/images/500px-Eeg_theta.png> 
<C:/Users/blabla/Documents/GitHub/mindControl/mindControl/reportExample/images/
500px-Eeg_alpha.png> <C:/Users/blabla/Documents/GitHub/mindControl/mindControl/
reportExample/images/500px-Eeg_beta.png> <C:/Users/blabla/Documents/GitHub/mind
Control/mindControl/reportExample/images/500px-Eeg_gamma.png>]
(C:\Users\blabla\Documents\GitHub\mindControl\mindControl\reportExample\chapter
3.tex
Chapter 3.

Overfull \hbox (4.92479pt too wide) in paragraph at lines 5--6
\OT1/ptm/m/n/12 pro-vides a feed-back sig-nal to can-cel com-mon mode noise in 
the elec-tron-ics [[],
 []

<images/sensorPositioning.png, id=63, 301.8778pt x 341.77687pt>
File: images/sensorPositioning.png Graphic file (type png)

<use images/sensorPositioning.png>
Package pdftex.def Info: images/sensorPositioning.png used on input line 9.
(pdftex.def)             Requested size: 250.93842pt x 284.10236pt.
 [12



]
<images/eyeBlink.png, id=68, 417.81094pt x 251.43938pt>
File: images/eyeBlink.png Graphic file (type png)

<use images/eyeBlink.png>
Package pdftex.def Info: images/eyeBlink.png used on input line 62.
(pdftex.def)             Requested size: 351.31378pt x 211.43399pt.
 [13 <C:/Users/blabla/Documents/GitHub/mindControl/mindControl/reportExample/im
ages/sensorPositioning.png>] [14 <C:/Users/blabla/Documents/GitHub/mindControl/
mindControl/reportExample/images/eyeBlink.png>]
<images/goodSensorBadSensor.png, id=78, 1334.9875pt x 710.655pt>
File: images/goodSensorBadSensor.png Graphic file (type png)

<use images/goodSensorBadSensor.png>
Package pdftex.def Info: images/goodSensorBadSensor.png used on input line 96.
(pdftex.def)             Requested size: 351.31378pt x 187.01059pt.
 [15] [16 <C:/Users/blabla/Documents/GitHub/mindControl/mindControl/reportExamp
le/images/goodSensorBadSensor.png>]
<images/skillLevel.png, id=86, 778.40813pt x 477.28313pt>
File: images/skillLevel.png Graphic file (type png)

<use images/skillLevel.png>
Package pdftex.def Info: images/skillLevel.png used on input line 132.
(pdftex.def)             Requested size: 401.50146pt x 246.1859pt.

Overfull \hbox (68.7519pt too wide) in paragraph at lines 137--138
[]\OT1/ptm/m/n/12 Some peo-ple might en-counter dif-fi-cul-ties in train-ing th
e head-set. Ac-cord-ing to [[]],
 []

[17 <C:/Users/blabla/Documents/GitHub/mindControl/mindControl/reportExample/ima
ges/skillLevel.png>]) [18]
(C:\Users\blabla\Documents\GitHub\mindControl\mindControl\reportExample\chapter
4.tex
Chapter 4.
[19



] [20] [21]
<images/CogniDriverDomainClassDiagram.png, id=104, 1921.1775pt x 747.79375pt>
File: images/CogniDriverDomainClassDiagram.png Graphic file (type png)

<use images/CogniDriverDomainClassDiagram.png>
Package pdftex.def Info: images/CogniDriverDomainClassDiagram.png used on input
 line 61.
(pdftex.def)             Requested size: 752.81525pt x 293.03046pt.

Overfull \hbox (81.09549pt too wide) in paragraph at lines 61--62
 [][] 
 []

[22 <C:/Users/blabla/Documents/GitHub/mindControl/mindControl/reportExample/ima
ges/CogniDriverDomainClassDiagram.png>])
(C:\Users\blabla\Documents\GitHub\mindControl\mindControl\reportExample\chapter
5.tex
Chapter 5.
[23





]
Overfull \hbox (2.9443pt too wide) in paragraph at lines 46--47
\OT1/ptm/m/n/12 `Is the log-i-cal ab-strac-tion of the func-tion-al-ity that Em
o-tiv pro-vides in edk.dll.'[[]] 
 []

[24] [25] <images/sceneInteraction.png, id=119, 814.04124pt x 396.48125pt>
File: images/sceneInteraction.png Graphic file (type png)

<use images/sceneInteraction.png>
Package pdftex.def Info: images/sceneInteraction.png used on input line 127.
(pdftex.def)             Requested size: 451.68915pt x 219.99524pt.

Overfull \hbox (24.25761pt too wide) in paragraph at lines 127--128
 [][] 
 []

<images/carchoicescene.png, id=120, 821.31844pt x 442.65375pt>
File: images/carchoicescene.png Graphic file (type png)

<use images/carchoicescene.png>
Package pdftex.def Info: images/carchoicescene.png used on input line 137.
(pdftex.def)             Requested size: 401.50146pt x 216.38889pt.
 [26] [27 <C:/Users/blabla/Documents/GitHub/mindControl/mindControl/reportExamp
le/images/sceneInteraction.png> <C:/Users/blabla/Documents/GitHub/mindControl/m
indControl/reportExample/images/carchoicescene.png>] <images/mainmenuscene.png,
 id=128, 824.32968pt x 445.665pt>
File: images/mainmenuscene.png Graphic file (type png)

<use images/mainmenuscene.png>
Package pdftex.def Info: images/mainmenuscene.png used on input line 161.
(pdftex.def)             Requested size: 401.50146pt x 217.0653pt.

<images/mainscene.png, id=129, 822.07124pt x 444.15938pt>
File: images/mainscene.png Graphic file (type png)

<use images/mainscene.png>
Package pdftex.def Info: images/mainscene.png used on input line 171.
(pdftex.def)             Requested size: 401.50146pt x 216.92838pt.

<images/splashscreen.png, id=130, 601.4972pt x 243.91125pt>
File: images/splashscreen.png Graphic file (type png)

<use images/splashscreen.png>
Package pdftex.def Info: images/splashscreen.png used on input line 181.
(pdftex.def)             Requested size: 401.50146pt x 162.81674pt.
 [28 <C:/Users/blabla/Documents/GitHub/mindControl/mindControl/reportExample/im
ages/mainmenuscene.png>]
<images/trainingscene.png, id=134, 820.56563pt x 436.63126pt>
File: images/trainingscene.png Graphic file (type png)

<use images/trainingscene.png>
Package pdftex.def Info: images/trainingscene.png used on input line 191.
(pdftex.def)             Requested size: 401.50146pt x 213.63805pt.
 [29 <C:/Users/blabla/Documents/GitHub/mindControl/mindControl/reportExample/im
ages/mainscene.png> <C:/Users/blabla/Documents/GitHub/mindControl/mindControl/r
eportExample/images/splashscreen.png>] [30 <C:/Users/blabla/Documents/GitHub/mi
ndControl/mindControl/reportExample/images/trainingscene.png>]) [31]
(C:\Users\blabla\Documents\GitHub\mindControl\mindControl\reportExample\chapter
6.tex
Chapter 6.
[32



] [33] [34] <images/ohno.png, id=154, 301.8778pt x 82.05656pt>
File: images/ohno.png Graphic file (type png)

<use images/ohno.png>
Package pdftex.def Info: images/ohno.png used on input line 72.
(pdftex.def)             Requested size: 301.1261pt x 81.85225pt.
) [35 <C:/Users/blabla/Documents/GitHub/mindControl/mindControl/reportExample/i
mages/ohno.png>]
(C:\Users\blabla\Documents\GitHub\mindControl\mindControl\reportExample\chapter
7.tex
Chapter 7.
[36



]) [37]
No file chapter8.tex.

(C:\Users\blabla\Documents\GitHub\mindControl\mindControl\reportExample\report.
bbl
Underfull \hbox (badness 2460) in paragraph at lines 76--80
[]\OT1/ptm/m/n/12 Monster, M. (2015).  Car physics for games.  $\OT1/pcr/m/n/12
 http : / / www .$
 []


Underfull \hbox (badness 10000) in paragraph at lines 76--80
$\OT1/pcr/m/n/12 asawicki . info / Mirror / Car % 20Physics % 20for % 20Games /
 Car % 20Physics %$
 []

[38




]
Missing character: There is no Ã in font ptmr7t!
Missing character: There is no ¶ in font ptmr7t!
) [39]
(C:\Users\blabla\Documents\GitHub\mindControl\mindControl\reportExample\appendi
x1.tex
Appendix A.

Overfull \hbox (38.06648pt too wide) in paragraph at lines 9--10
 []|[]| 
 []


Overfull \hbox (28.21236pt too wide) in paragraph at lines 15--16
[][] 
 []


Overfull \hbox (30.07458pt too wide) in paragraph at lines 22--23
 []|[]| 
 []


Overfull \hbox (30.07458pt too wide) in paragraph at lines 31--32
 []|[]| 
 []

[40


]
Overfull \hbox (30.07458pt too wide) in paragraph at lines 41--42
 []|[]| 
 []


Overfull \hbox (30.07458pt too wide) in paragraph at lines 50--51
 []|[]| 
 []


Overfull \hbox (28.21236pt too wide) in paragraph at lines 56--57
[][] 
 []


Overfull \hbox (28.21236pt too wide) in paragraph at lines 60--61
[][] 
 []

[41])
Overfull \hbox (28.21236pt too wide) in paragraph at lines 65--151
[][] 
 []

[42]
(C:\Users\blabla\Documents\GitHub\mindControl\mindControl\reportExample\report.
gls)
(C:\Users\blabla\Documents\GitHub\mindControl\mindControl\reportExample\report.
aux
(C:\Users\blabla\Documents\GitHub\mindControl\mindControl\reportExample\abstrac
t.aux)
(C:\Users\blabla\Documents\GitHub\mindControl\mindControl\reportExample\merci.a
ux)
(C:\Users\blabla\Documents\GitHub\mindControl\mindControl\reportExample\chapter
1.aux)
(C:\Users\blabla\Documents\GitHub\mindControl\mindControl\reportExample\chapter
2.aux)
(C:\Users\blabla\Documents\GitHub\mindControl\mindControl\reportExample\chapter
3.aux)
(C:\Users\blabla\Documents\GitHub\mindControl\mindControl\reportExample\chapter
4.aux)
(C:\Users\blabla\Documents\GitHub\mindControl\mindControl\reportExample\chapter
5.aux)
(C:\Users\blabla\Documents\GitHub\mindControl\mindControl\reportExample\chapter
6.aux)
(C:\Users\blabla\Documents\GitHub\mindControl\mindControl\reportExample\chapter
7.aux)
(C:\Users\blabla\Documents\GitHub\mindControl\mindControl\reportExample\chapter
8.aux)
(C:\Users\blabla\Documents\GitHub\mindControl\mindControl\reportExample\appendi
x1.aux)) ) 
Here is how much of TeX's memory you used:
 18091 strings out of 493921
 334527 string characters out of 3146477
 435732 words of memory out of 3000000
 20882 multiletter control sequences out of 15000+200000
 36681 words of font info for 66 fonts, out of 3000000 for 9000
 841 hyphenation exceptions out of 8191
 55i,19n,54p,1795b,390s stack positions out of 5000i,500n,10000p,200000b,50000s
{D:/Program Files (x86)/miktex/fonts/enc/dvips/fontname/8r.enc}<D:/Pr
ogram Files (x86)/miktex/fonts/type1/public/amsfonts/cm/cmmi12.pfb><D:/Program 
Files (x86)/miktex/fonts/type1/public/amsfonts/cm/cmsy10.pfb><D:/Program Files 
(x86)/miktex/fonts/type1/urw/courier/ucrr8a.pfb><D:/Program Files (x86)/miktex/
fonts/type1/urw/times/utmb8a.pfb><D:/Program Files (x86)/miktex/fonts/type1/urw
/times/utmr8a.pfb><D:/Program Files (x86)/miktex/fonts/type1/urw/times/utmr8a.p
fb><D:/Program Files (x86)/miktex/fonts/type1/urw/times/utmri8a.pfb>
Output written on report.pdf (43 pages, 4853814 bytes).
PDF statistics:
 207 PDF objects out of 1000 (max. 8388607)
 0 named destinations out of 1000 (max. 500000)
 108 words of extra memory for PDF output out of 10000 (max. 10000000)

