\BOOKMARK [0][-]{chapter.1}{Introduction}{}% 1
\BOOKMARK [1][-]{section.1.1}{Applications}{chapter.1}% 2
\BOOKMARK [1][-]{section.1.2}{Aims and objectives}{chapter.1}% 3
\BOOKMARK [1][-]{section.1.3}{Report outline}{chapter.1}% 4
\BOOKMARK [0][-]{chapter.2}{Background}{}% 5
\BOOKMARK [1][-]{section.2.1}{Development tools}{chapter.2}% 6
\BOOKMARK [2][-]{subsection.2.1.1}{Unity}{section.2.1}% 7
\BOOKMARK [2][-]{subsection.2.1.2}{Easy Roads 3D}{section.2.1}% 8
\BOOKMARK [2][-]{subsection.2.1.3}{Photoshop}{section.2.1}% 9
\BOOKMARK [1][-]{section.2.2}{Electroencephalography \(EEG\)}{chapter.2}% 10
\BOOKMARK [0][-]{chapter.3}{Introducing the Emotiv EPOC}{}% 11
\BOOKMARK [1][-]{section.3.1}{SDK description}{chapter.3}% 12
\BOOKMARK [2][-]{subsection.3.1.1}{Caring for the headset}{section.3.1}% 13
\BOOKMARK [2][-]{subsection.3.1.2}{Headset issues}{section.3.1}% 14
\BOOKMARK [2][-]{subsection.3.1.3}{EmoComposer}{section.3.1}% 15
\BOOKMARK [2][-]{subsection.3.1.4}{EmoKey}{section.3.1}% 16
\BOOKMARK [1][-]{section.3.2}{Training}{chapter.3}% 17
\BOOKMARK [1][-]{section.3.3}{Current Applications}{chapter.3}% 18
\BOOKMARK [0][-]{chapter.4}{Design}{}% 19
\BOOKMARK [1][-]{section.4.1}{Overview}{chapter.4}% 20
\BOOKMARK [2][-]{subsection.4.1.1}{Project workflow}{section.4.1}% 21
\BOOKMARK [2][-]{subsection.4.1.2}{Requirements}{section.4.1}% 22
\BOOKMARK [2][-]{subsection.4.1.3}{Separation of concerns}{section.4.1}% 23
\BOOKMARK [1][-]{section.4.2}{Design Patterns}{chapter.4}% 24
\BOOKMARK [0][-]{chapter.5}{Implementation}{}% 25
\BOOKMARK [1][-]{section.5.1}{Interfacing with Emotiv}{chapter.5}% 26
\BOOKMARK [2][-]{subsection.5.1.1}{EdkDll}{section.5.1}% 27
\BOOKMARK [2][-]{subsection.5.1.2}{EmoAffectiv}{section.5.1}% 28
\BOOKMARK [2][-]{subsection.5.1.3}{EmoCognitiv}{section.5.1}% 29
\BOOKMARK [2][-]{subsection.5.1.4}{EmoEngine}{section.5.1}% 30
\BOOKMARK [2][-]{subsection.5.1.5}{EmoEngineInst}{section.5.1}% 31
\BOOKMARK [2][-]{subsection.5.1.6}{EmoExpressiv}{section.5.1}% 32
\BOOKMARK [2][-]{subsection.5.1.7}{EmoGyroData}{section.5.1}% 33
\BOOKMARK [2][-]{subsection.5.1.8}{EmoProfileManagement}{section.5.1}% 34
\BOOKMARK [2][-]{subsection.5.1.9}{EmoState}{section.5.1}% 35
\BOOKMARK [2][-]{subsection.5.1.10}{EmoUserManagement}{section.5.1}% 36
\BOOKMARK [2][-]{subsection.5.1.11}{LabelDraw}{section.5.1}% 37
\BOOKMARK [1][-]{section.5.2}{Scene description}{chapter.5}% 38
\BOOKMARK [2][-]{subsection.5.2.1}{CarChoiceScene}{section.5.2}% 39
\BOOKMARK [2][-]{subsection.5.2.2}{HelpScene}{section.5.2}% 40
\BOOKMARK [2][-]{subsection.5.2.3}{MainMenu}{section.5.2}% 41
\BOOKMARK [2][-]{subsection.5.2.4}{MainScene}{section.5.2}% 42
\BOOKMARK [2][-]{subsection.5.2.5}{TrainingScene}{section.5.2}% 43
\BOOKMARK [1][-]{section.5.3}{Notes}{chapter.5}% 44
\BOOKMARK [2][-]{subsection.5.3.1}{Gyro mode}{section.5.3}% 45
\BOOKMARK [0][-]{chapter.6}{Testing and evaluation}{}% 46
\BOOKMARK [1][-]{section.6.1}{Observations}{chapter.6}% 47
\BOOKMARK [1][-]{section.6.2}{NASA TLX results}{chapter.6}% 48
\BOOKMARK [1][-]{section.6.3}{Analysis of user questionnaire answers}{chapter.6}% 49
\BOOKMARK [1][-]{section.6.4}{Good points about the game}{chapter.6}% 50
\BOOKMARK [1][-]{section.6.5}{Bad points about the game}{chapter.6}% 51
\BOOKMARK [1][-]{section.6.6}{What should be improved and what has been implemented?}{chapter.6}% 52
\BOOKMARK [0][-]{chapter.7}{Conclusions}{}% 53
\BOOKMARK [1][-]{section.7.1}{Personal development}{chapter.7}% 54
\BOOKMARK [1][-]{section.7.2}{Summary}{chapter.7}% 55
\BOOKMARK [0][-]{chapter*.29}{Bibliography}{}% 56
\BOOKMARK [0][-]{appendix.A}{CogniDriver - User Study}{}% 57
\BOOKMARK [0][-]{appendix.B}{CogniDriver - 3D Object Sources}{}% 58
